<?xml version="1.0" encoding="utf-8"?><testsuites><testsuite name="pytest" errors="3" failures="0" skipped="0" tests="10" time="74.954" timestamp="2023-03-02T13:51:18.148084" hostname="111deMacBook-Pro.local"><testcase classname="test_case.test_baidu.TestBaidu" name="test_baidu_001" time="7.332"><error message="failed on setup with &quot;file /Users/mac/Downloads/playwright-pytest-demo-master/test_case/test_baidu.py, line 14&#10;      @allure.story(&quot;test001-搜索&quot;)&#10;      def test_baidu_001(self, page, baseUrl_baidu):&#10;E       fixture 'baseUrl_baidu' not found&#10;&gt;       available fixtures: _verify_url, anyio_backend, anyio_backend_name, anyio_backend_options, autojump_clock, base_url, browser, browser_channel, browser_context_args, browser_name, browser_type, browser_type_launch_args, cache, capfd, capfdbinary, caplog, capsys, capsysbinary, context, delete_output_dir, device, doctest_namespace, event_loop, extra, http_client, http_server, http_server_client, http_server_port, include_metadata_in_junit_xml, io_loop, is_chromium, is_firefox, is_webkit, launch_browser, login_page, metadata, mock_clock, monkeypatch, nursery, page, playwright, pytestconfig, record_property, record_testsuite_property, record_xml_attribute, recwarn, tmp_path, tmp_path_factory, tmpdir, tmpdir_factory, twisted_greenlet, unused_tcp_port, unused_tcp_port_factory, unused_udp_port, unused_udp_port_factory&#10;&gt;       use 'pytest --fixtures [testpath]' for help on them.&#10;&#10;/Users/mac/Downloads/playwright-pytest-demo-master/test_case/test_baidu.py:14&quot;">file /Users/mac/Downloads/playwright-pytest-demo-master/test_case/test_baidu.py, line 14
      @allure.story("test001-搜索")
      def test_baidu_001(self, page, baseUrl_baidu):
E       fixture 'baseUrl_baidu' not found
&gt;       available fixtures: _verify_url, anyio_backend, anyio_backend_name, anyio_backend_options, autojump_clock, base_url, browser, browser_channel, browser_context_args, browser_name, browser_type, browser_type_launch_args, cache, capfd, capfdbinary, caplog, capsys, capsysbinary, context, delete_output_dir, device, doctest_namespace, event_loop, extra, http_client, http_server, http_server_client, http_server_port, include_metadata_in_junit_xml, io_loop, is_chromium, is_firefox, is_webkit, launch_browser, login_page, metadata, mock_clock, monkeypatch, nursery, page, playwright, pytestconfig, record_property, record_testsuite_property, record_xml_attribute, recwarn, tmp_path, tmp_path_factory, tmpdir, tmpdir_factory, twisted_greenlet, unused_tcp_port, unused_tcp_port_factory, unused_udp_port, unused_udp_port_factory
&gt;       use 'pytest --fixtures [testpath]' for help on them.

/Users/mac/Downloads/playwright-pytest-demo-master/test_case/test_baidu.py:14</error></testcase><testcase classname="test_case.test_baidu.TestBaidu" name="test_baidu_002" time="3.735" /><testcase classname="test_case.test_baidu.TestBaidu" name="test_baidu_003" time="0.853" /><testcase classname="test_case.test_baidu.TestBaidu" name="test_baidu_004[case1]" time="2.813" /><testcase classname="test_case.test_baidu.TestBaidu" name="test_baidu_004[case2]" time="2.869" /><testcase classname="test_case.test_baidu.TestBaidu" name="test_baidu_004[case3]" time="3.175" /><testcase classname="test_case.test_baidu.TestBaidu" name="test_baidu_006[1-Selenium]" time="0.002"><error message="failed on setup with &quot;file /Users/mac/Downloads/playwright-pytest-demo-master/test_case/test_baidu.py, line 88&#10;      @pytest.mark.parametrize(&#10;          &quot;name, search_key&quot;,&#10;          json_to_list(data_path + &quot;/data_file.json&quot;)&#10;      )&#10;      @allure.story(&quot;test005-文件读取参数化&quot;)&#10;      def test_baidu_006(self, name, search_key, page, baseUrl):&#10;E       fixture 'baseUrl' not found&#10;&gt;       available fixtures: _verify_url, anyio_backend, anyio_backend_name, anyio_backend_options, autojump_clock, base_url, browser, browser_channel, browser_context_args, browser_name, browser_type, browser_type_launch_args, cache, capfd, capfdbinary, caplog, capsys, capsysbinary, context, delete_output_dir, device, doctest_namespace, event_loop, extra, http_client, http_server, http_server_client, http_server_port, include_metadata_in_junit_xml, io_loop, is_chromium, is_firefox, is_webkit, launch_browser, login_page, metadata, mock_clock, monkeypatch, nursery, page, playwright, pytestconfig, record_property, record_testsuite_property, record_xml_attribute, recwarn, tmp_path, tmp_path_factory, tmpdir, tmpdir_factory, twisted_greenlet, unused_tcp_port, unused_tcp_port_factory, unused_udp_port, unused_udp_port_factory&#10;&gt;       use 'pytest --fixtures [testpath]' for help on them.&#10;&#10;/Users/mac/Downloads/playwright-pytest-demo-master/test_case/test_baidu.py:88&quot;">file /Users/mac/Downloads/playwright-pytest-demo-master/test_case/test_baidu.py, line 88
      @pytest.mark.parametrize(
          "name, search_key",
          json_to_list(data_path + "/data_file.json")
      )
      @allure.story("test005-文件读取参数化")
      def test_baidu_006(self, name, search_key, page, baseUrl):
E       fixture 'baseUrl' not found
&gt;       available fixtures: _verify_url, anyio_backend, anyio_backend_name, anyio_backend_options, autojump_clock, base_url, browser, browser_channel, browser_context_args, browser_name, browser_type, browser_type_launch_args, cache, capfd, capfdbinary, caplog, capsys, capsysbinary, context, delete_output_dir, device, doctest_namespace, event_loop, extra, http_client, http_server, http_server_client, http_server_port, include_metadata_in_junit_xml, io_loop, is_chromium, is_firefox, is_webkit, launch_browser, login_page, metadata, mock_clock, monkeypatch, nursery, page, playwright, pytestconfig, record_property, record_testsuite_property, record_xml_attribute, recwarn, tmp_path, tmp_path_factory, tmpdir, tmpdir_factory, twisted_greenlet, unused_tcp_port, unused_tcp_port_factory, unused_udp_port, unused_udp_port_factory
&gt;       use 'pytest --fixtures [testpath]' for help on them.

/Users/mac/Downloads/playwright-pytest-demo-master/test_case/test_baidu.py:88</error></testcase><testcase classname="test_case.test_baidu.TestBaidu" name="test_baidu_006[2-playwright]" time="1.022"><error message="failed on setup with &quot;file /Users/mac/Downloads/playwright-pytest-demo-master/test_case/test_baidu.py, line 88&#10;      @pytest.mark.parametrize(&#10;          &quot;name, search_key&quot;,&#10;          json_to_list(data_path + &quot;/data_file.json&quot;)&#10;      )&#10;      @allure.story(&quot;test005-文件读取参数化&quot;)&#10;      def test_baidu_006(self, name, search_key, page, baseUrl):&#10;E       fixture 'baseUrl' not found&#10;&gt;       available fixtures: _verify_url, anyio_backend, anyio_backend_name, anyio_backend_options, autojump_clock, base_url, browser, browser_channel, browser_context_args, browser_name, browser_type, browser_type_launch_args, cache, capfd, capfdbinary, caplog, capsys, capsysbinary, context, delete_output_dir, device, doctest_namespace, event_loop, extra, http_client, http_server, http_server_client, http_server_port, include_metadata_in_junit_xml, io_loop, is_chromium, is_firefox, is_webkit, launch_browser, login_page, metadata, mock_clock, monkeypatch, nursery, page, playwright, pytestconfig, record_property, record_testsuite_property, record_xml_attribute, recwarn, tmp_path, tmp_path_factory, tmpdir, tmpdir_factory, twisted_greenlet, unused_tcp_port, unused_tcp_port_factory, unused_udp_port, unused_udp_port_factory&#10;&gt;       use 'pytest --fixtures [testpath]' for help on them.&#10;&#10;/Users/mac/Downloads/playwright-pytest-demo-master/test_case/test_baidu.py:88&quot;">file /Users/mac/Downloads/playwright-pytest-demo-master/test_case/test_baidu.py, line 88
      @pytest.mark.parametrize(
          "name, search_key",
          json_to_list(data_path + "/data_file.json")
      )
      @allure.story("test005-文件读取参数化")
      def test_baidu_006(self, name, search_key, page, baseUrl):
E       fixture 'baseUrl' not found
&gt;       available fixtures: _verify_url, anyio_backend, anyio_backend_name, anyio_backend_options, autojump_clock, base_url, browser, browser_channel, browser_context_args, browser_name, browser_type, browser_type_launch_args, cache, capfd, capfdbinary, caplog, capsys, capsysbinary, context, delete_output_dir, device, doctest_namespace, event_loop, extra, http_client, http_server, http_server_client, http_server_port, include_metadata_in_junit_xml, io_loop, is_chromium, is_firefox, is_webkit, launch_browser, login_page, metadata, mock_clock, monkeypatch, nursery, page, playwright, pytestconfig, record_property, record_testsuite_property, record_xml_attribute, recwarn, tmp_path, tmp_path_factory, tmpdir, tmpdir_factory, twisted_greenlet, unused_tcp_port, unused_tcp_port_factory, unused_udp_port, unused_udp_port_factory
&gt;       use 'pytest --fixtures [testpath]' for help on them.

/Users/mac/Downloads/playwright-pytest-demo-master/test_case/test_baidu.py:88</error></testcase><testcase classname="test_case.test_inventory.TestInventory" name="test_grounding" time="44.705" /><testcase classname="test_case.test_login.TestLogin" name="test_login_001" time="7.917" /></testsuite></testsuites>